Arguments: 
  C:\Program Files\nodejs\node.exe C:\Users\111\AppData\Roaming\npm\node_modules\yarn\bin\yarn.js install

PATH: 
  C:\Program Files (x86)\VMware\VMware Workstation\bin\;C:\Windows\system32;C:\Windows;C:\Windows\System32\Wbem;C:\Windows\System32\WindowsPowerShell\v1.0\;C:\Windows\System32\OpenSSH\;C:\Program Files\Bandizip\;C:\Program Files\MongoDB\Server\5.0\bin;C:\Program Files\dotnet\;C:\Program Files\Git\cmd;C:\Program Files\Java\jdk-1.8\bin;D:\tasks\flutter\bin;C:\Program Files\Tesseract-OCR;C:\Program Files\MySQL\MySQL Server 8.0\bin;C:\Program Files\PuTTY\;C:\Program Files\wkhtmltopdf\bin;C:\php;C:\composer;C:\Program Files (x86)\Google\Cloud SDK\google-cloud-sdk\bin;C:\Users\111\AppData\Roaming\nvm;C:\Program Files\nodejs;C:\Users\111\AppData\Local\Programs\Python\Python310;C:\Program Files\MySQL\MySQL Server 8.0\bin;C:\Users\111\AppData\Local\Microsoft\WindowsApps;C:\Users\111\AppData\Local\GitHubDesktop\bin;C:\Users\111\AppData\Local\Programs\Microsoft VS Code\bin;C:\Users\111\AppData\Roaming\npm;C:\Program Files\MongoDB\Server\6.0\bin\;C:\Users\111\.dotnet\tools;D:\tasks\flutter\bin;C:\Program Files\Java\jdk-1.8\bin;C:\Program Files\Tesseract-OCR;C:\Program Files\wkhtmltopdf\bin;C:\php;C:\Users\111\AppData\Roaming\Composer\vendor\bin;C:\Users\111\AppData\Roaming\nvm;C:\Program Files\nodejs;C:\Users\111\AppData\Local\Programs\Python\Python310;

Yarn version: 
  1.22.19

Node version: 
  14.17.3

Platform: 
  win32 x64

Trace: 
  Error: connect EACCES 104.16.2.35:443
      at TCPConnectWrap.afterConnect [as oncomplete] (net.js:1148:16)

npm manifest: 
  {
      "private": true,
      "scripts": {
          "dev": "npm run development",
          "development": "mix",
          "watch": "mix watch",
          "watch-poll": "mix watch -- --watch-options-poll=1000",
          "hot": "mix watch --hot",
          "prod": "npm run production",
          "production": "mix --production"
      },
      "devDependencies": {
          "axios": "^0.25",
          "laravel-mix": "^6.0.6",
          "lodash": "^4.17.19",
          "postcss": "^8.1.14",
          "resolve-url-loader": "^5.0.0",
          "sass": "^1.51.0",
          "sass-loader": "^12.1.0"
      }
  }

yarn manifest: 
  No manifest

Lockfile: 
  No lockfile
